{
    "default": [
        [
            0,
            "Training set length: 52173"
        ],
        [
            1,
            "pos samples 25517"
        ],
        [
            2,
            "neg samples 26656"
        ],
        [
            3,
            "Total words: 3912975"
        ],
        [
            4,
            "dictionery 0 length: 19623"
        ],
        [
            5,
            "dictionery 1 length: 17627"
        ],
        [
            6,
            "dictionery 2 length: 13710"
        ]
    ],
    "most common": [
        [
            0,
            3022791
        ],
        [
            1,
            1529617
        ],
        [
            2,
            1493174
        ]
    ],
    "freqs": [
        [
            0,
            "word: 0, freq: 0.7725045521629962"
        ],
        [
            10000,
            "word: 10281, freq: 1.0222401114241721e-06"
        ],
        [
            20000,
            "word: 352, freq: 6.852741096438575e-05"
        ],
        [
            30000,
            "word: 15319, freq: 1.0004001600640257e-06"
        ],
        [
            40000,
            "word: 2147, freq: 5.2252746534989744e-06"
        ],
        [
            50000,
            "word: 16261, freq: 5.225274653498974e-07"
        ]
    ]
}