{
    "embedding_bytes": [
        [
            0,
            41943144
        ]
    ],
    "embeddings": [
        [
            0,
            [
                0.18227,
                -0.29194,
                -1.3632,
                -1.201,
                0.084332,
                0.018943,
                1.3408,
                2.3866,
                -1.2761,
                0.39897,
                -0.16731,
                -0.52372,
                -3.5758,
                -0.25648,
                -0.5531,
                -0.62011,
                -0.71249,
                -0.12025,
                -0.91766,
                0.65635,
                -0.55258,
                -1.1655,
                0.10899,
                -1.6099,
                1.6189
            ]
        ],
        [
            1000,
            [
                0.8481,
                0.55402,
                -0.017825,
                -0.80085,
                1.212,
                -1.6228,
                0.41016,
                0.17205,
                -0.6894,
                0.71763,
                0.1957,
                0.47621,
                -3.6408,
                -0.7999,
                0.089744,
                0.86771,
                0.58954,
                -0.17732,
                -0.7581,
                -0.54481,
                -0.23411,
                -1.0188,
                -0.59961,
                0.33831,
                -1.571
            ]
        ],
        [
            2000,
            [
                0.35355,
                0.024782,
                -0.65649,
                0.30054,
                0.49275,
                -0.59937,
                0.9945,
                -0.81098,
                -0.35827,
                -0.94833,
                -0.97589,
                0.4447,
                -3.4614,
                0.51212,
                0.27108,
                0.6991,
                -0.91777,
                0.61244,
                1.0493,
                -0.21934,
                0.20329,
                -0.1989,
                -0.24844,
                0.42428,
                -0.37195
            ]
        ],
        [
            3000,
            [
                0.36262,
                0.40597,
                0.10068,
                0.26756,
                -0.76945,
                0.25124,
                1.1025,
                0.64607,
                -0.099809,
                0.57828,
                -0.54535,
                0.031552,
                -2.1262,
                -0.56732,
                0.80872,
                -0.099979,
                0.35428,
                0.060931,
                -1.072,
                0.7708,
                0.4534,
                0.84941,
                -0.242,
                1.6548,
                0.25978
            ]
        ],
        [
            4000,
            [
                -0.48362,
                0.27611,
                0.28175,
                0.30063,
                0.15636,
                0.15319,
                1.9215,
                -0.29282,
                0.36756,
                -0.15328,
                -0.3786,
                0.89568,
                -2.2245,
                0.61444,
                0.76378,
                0.6474,
                0.40485,
                0.41644,
                0.35703,
                -0.29253,
                -0.23814,
                0.42645,
                -0.26443,
                -0.034687,
                0.60367
            ]
        ],
        [
            5000,
            [
                0.82922,
                1.4568,
                0.89857,
                -0.46833,
                -0.82478,
                -0.32346,
                -0.095784,
                0.09793,
                -1.4694,
                -0.92576,
                1.0305,
                -1.0376,
                -0.47065,
                0.52909,
                -2.1712,
                0.40981,
                -1.1855,
                0.76941,
                0.18515,
                0.9972,
                -0.98558,
                1.7525,
                1.8271,
                -1.3322,
                -0.77246
            ]
        ],
        [
            6000,
            [
                0.82856,
                0.58879,
                0.035848,
                -0.23157,
                -0.61077,
                -0.066401,
                0.82464,
                -1.2866,
                -0.7654,
                -0.40738,
                -0.79675,
                0.95575,
                -3.2068,
                -0.09077,
                0.08467,
                0.99576,
                0.99449,
                0.71164,
                1.1031,
                -0.38551,
                1.2376,
                0.33067,
                -0.95021,
                0.50933,
                -0.58149
            ]
        ],
        [
            7000,
            [
                2.119668818105102,
                -0.17968083518536648,
                0.021492054627987756,
                -2.886355458285276,
                -1.3711029712496714,
                0.6408829457171485,
                3.1023437033187253,
                -2.5352750354182847,
                -0.7471812292998514,
                -0.021381728516030485,
                5.482685117553517,
                4.19926378900635,
                0.3194761280916829,
                -0.04143013868915002,
                -3.8893747491591535,
                2.1587609222442774,
                1.2470025064988706,
                0.03802593925061881,
                0.6049529804816194,
                1.6833243612331703,
                -5.797396524044403,
                0.6224471273687948,
                -0.9603906460614384,
                -0.9105140691477702,
                0.2957283763770242
            ]
        ],
        [
            8000,
            [
                -0.18907,
                -0.4976,
                -0.23693,
                0.21511,
                -1.37,
                -1.3651,
                -0.38265,
                0.42807,
                0.09675,
                -0.71884,
                -0.26707,
                0.039898,
                -2.2098,
                1.0268,
                0.67902,
                -0.60832,
                -0.27661,
                1.2534,
                0.9752,
                -0.32443,
                0.54988,
                0.42894,
                -0.93912,
                -0.85436,
                -1.0982
            ]
        ],
        [
            9000,
            [
                0.88221,
                0.034429,
                -1.2543,
                -0.13055,
                1.0107,
                -1.3787,
                0.42639,
                -1.1652,
                -0.66985,
                0.2137,
                -0.50051,
                0.94509,
                -0.9784,
                -0.15957,
                0.44924,
                0.95209,
                0.16718,
                0.20314,
                0.082862,
                -0.82834,
                0.13625,
                0.16605,
                -0.11831,
                0.29883,
                -1.9033
            ]
        ],
        [
            10000,
            [
                0.24021,
                0.19327,
                -0.74069,
                -1.0084,
                -0.72725,
                0.15095,
                -0.685,
                -1.0053,
                -1.0296,
                0.088674,
                -0.46709,
                0.87006,
                0.038747,
                -0.088346,
                0.74355,
                -0.42767,
                0.51826,
                1.396,
                0.031772,
                1.517,
                -0.33763,
                1.0195,
                0.27293,
                1.085,
                0.48137
            ]
        ],
        [
            11000,
            [
                -0.54343,
                0.30745,
                0.54402,
                -0.95202,
                -0.16555,
                0.64552,
                -0.27776,
                -1.2933,
                0.64161,
                0.43009,
                0.20765,
                -0.23376,
                -2.4696,
                -0.40274,
                0.073004,
                0.84149,
                0.26303,
                -1.3006,
                1.3704,
                0.21432,
                -0.60431,
                -0.43445,
                0.80786,
                -1.3532,
                0.078381
            ]
        ],
        [
            12000,
            [
                0.1987,
                -1.1679,
                -0.99159,
                -0.45933,
                0.52887,
                0.51373,
                0.74336,
                -1.4602,
                -0.45356,
                -1.3745,
                -1.2993,
                1.1827,
                -1.003,
                0.10177,
                -0.10904,
                0.40958,
                1.0047,
                0.35013,
                0.048295,
                -0.18946,
                0.6437,
                -0.20521,
                -1.4035,
                0.23349,
                -0.78081
            ]
        ],
        [
            13000,
            [
                -1.8184,
                1.0791,
                1.0464,
                0.78166,
                -0.27147,
                0.56927,
                -0.27761,
                0.36529,
                0.82076,
                0.74359,
                -1.2022,
                0.40019,
                -2.2717,
                0.59137,
                0.12583,
                0.67667,
                1.3204,
                0.13465,
                -0.041165,
                -0.14273,
                0.6437,
                0.16389,
                0.87182,
                -0.25179,
                0.69563
            ]
        ],
        [
            14000,
            [
                1.3968,
                -1.2831,
                0.13001,
                0.14975,
                0.14011,
                -0.21794,
                -0.39655,
                0.5473,
                0.77078,
                -0.82851,
                -1.9458,
                -2.631,
                -1.2147,
                -1.6703,
                0.4066,
                -1.0405,
                -2.2446,
                -0.20321,
                -1.7337,
                -0.048165,
                0.10668,
                0.76451,
                -0.23268,
                1.6233,
                0.30997
            ]
        ],
        [
            15000,
            [
                -0.57915,
                -0.25404,
                -0.31243,
                -0.89915,
                0.32285,
                0.50252,
                -1.2257,
                -0.9676,
                2.3095,
                0.035347,
                -0.13187,
                0.26908,
                -0.1234,
                0.85449,
                0.75992,
                -0.70908,
                0.66116,
                -0.1666,
                1.5366,
                1.2006,
                -1.4117,
                0.042704,
                1.9237,
                1.9495,
                -1.4029
            ]
        ],
        [
            16000,
            [
                -1.0581,
                0.67931,
                -0.12461,
                -0.9578,
                0.36843,
                -0.57945,
                -0.92313,
                -2.216,
                0.65962,
                -0.45249,
                -0.15336,
                -0.52853,
                -0.4934,
                0.03039,
                0.56479,
                0.15231,
                1.1131,
                -0.30109,
                0.52297,
                0.11383,
                -0.46875,
                -1.0823,
                -0.90113,
                0.28994,
                -0.29737
            ]
        ],
        [
            17000,
            [
                -0.81734,
                -0.48686,
                -0.41055,
                -0.45066,
                -1.8901,
                -0.7667,
                -1.3479,
                -1.339,
                0.86449,
                0.18414,
                -0.43233,
                -0.65129,
                -0.68692,
                -0.49972,
                0.40921,
                -0.17549,
                0.81068,
                0.088051,
                0.79321,
                1.7221,
                -0.22834,
                -0.55163,
                -0.31462,
                0.25508,
                -0.73758
            ]
        ],
        [
            18000,
            [
                -0.0086302,
                -0.75821,
                -0.24168,
                -0.48625,
                0.49761,
                0.3811,
                1.4935,
                -1.8914,
                -0.76477,
                -0.39211,
                -0.51911,
                0.50847,
                -1.1658,
                0.45571,
                1.7634,
                0.48259,
                0.83174,
                0.33045,
                -0.039416,
                -0.66063,
                -0.093056,
                0.88716,
                0.35023,
                -0.58828,
                -0.87471
            ]
        ],
        [
            19000,
            [
                0.13086,
                -0.048138,
                -0.030368,
                -1.2342,
                -0.16677,
                -0.16862,
                -1.3175,
                -0.010805,
                1.3095,
                -0.017295,
                1.1382,
                0.077372,
                -1.5004,
                -1.4347,
                0.14082,
                -0.1672,
                0.54004,
                0.11848,
                0.46995,
                1.1432,
                -0.67611,
                -0.45021,
                0.98987,
                -1.5463,
                -0.27827
            ]
        ],
        [
            20000,
            [
                1.6474,
                -0.45319,
                1.8965,
                -1.3642,
                -0.6102,
                0.5757,
                0.25714,
                0.038371,
                1.4793,
                -1.0573,
                -0.45988,
                -1.9481,
                -0.71124,
                -1.3296,
                0.70601,
                -0.00077608,
                -1.2046,
                -0.32279,
                -0.40904,
                -1.0193,
                -0.7519,
                0.9419,
                1.3657,
                -0.11615,
                0.41748
            ]
        ],
        [
            21000,
            [
                -1.5857,
                -0.67675,
                -0.37575,
                -0.935,
                0.71102,
                -0.6421,
                -0.48106,
                -1.6223,
                -0.15544,
                -0.70958,
                1.2227,
                -0.071775,
                -2.1492,
                -0.31451,
                -1.2971,
                -0.4471,
                0.57611,
                -0.83345,
                0.35735,
                1.2371,
                -1.3319,
                -1.1382,
                -0.88343,
                0.072988,
                -0.77123
            ]
        ],
        [
            22000,
            [
                -1.0014,
                0.26954,
                0.18126,
                -0.81639,
                -0.31188,
                -0.72631,
                -1.1236,
                -0.5379,
                1.6659,
                0.31207,
                -0.13785,
                0.45349,
                0.11052,
                -0.41462,
                0.013578,
                -0.55592,
                0.14044,
                0.71265,
                0.93223,
                0.4242,
                0.070139,
                -0.51318,
                -0.052683,
                -0.45075,
                -1.0359
            ]
        ],
        [
            23000,
            [
                -1.4512,
                -0.072039,
                0.3014,
                -0.51005,
                -0.70828,
                -0.79204,
                -0.89799,
                -1.9488,
                -0.17418,
                -0.13185,
                -1.7325,
                -0.4737,
                -0.12926,
                0.11402,
                0.8912,
                -0.048979,
                0.62456,
                -0.037946,
                0.66133,
                0.99485,
                -0.46154,
                -0.055408,
                0.39205,
                -0.5189,
                -0.99492
            ]
        ],
        [
            24000,
            [
                -2.1245681259303746,
                -3.1520169720246805,
                -0.3572355435222203,
                3.0113537537849684,
                2.06070101939944,
                -1.052366641509055,
                -1.5260694846626386,
                -0.9636724105857457,
                0.9916807900436657,
                -0.8915002554653295,
                -3.0894482691195795,
                0.8868404321014589,
                -2.012710276968164,
                -4.4332778006801785,
                0.9011190653491763,
                -0.5841521434920853,
                -0.7287070285095192,
                -2.386438601562035,
                -2.1955772559611577,
                -2.048955691702154,
                4.730395280555207,
                -1.485155817621969,
                3.54954773101629,
                -0.11100387438682624,
                1.1697408099252602
            ]
        ],
        [
            25000,
            [
                -1.8883131503746142,
                -1.423210630403588,
                2.759854729471246,
                -1.0273579945187876,
                1.3795455328107522,
                2.1153703920583498,
                -0.917996088792302,
                1.7547710096694615,
                -3.5938733672225673,
                2.682751653395358,
                -2.588350812677864,
                -3.0975536041842417,
                3.6446326331838543,
                -2.297275633873875,
                -3.647064949734068,
                -0.15654074124670458,
                2.7091517117682438,
                -3.904050262135476,
                0.5715542486489831,
                -1.0542113980610992,
                0.6331791520457877,
                -3.1761793392490674,
                0.29220529121289207,
                -0.7038677302081933,
                -3.0274473386481575
            ]
        ],
        [
            26000,
            [
                -0.67072,
                0.023999,
                0.82374,
                0.4468,
                -0.94964,
                -0.89604,
                0.15295,
                -0.65872,
                -0.49605,
                -0.82279,
                -0.56769,
                0.72122,
                -1.7821,
                -1.036,
                0.35135,
                0.19413,
                0.34332,
                -0.25372,
                -0.035843,
                0.56495,
                0.92349,
                -0.025269,
                -0.4877,
                0.0013301,
                -0.90412
            ]
        ],
        [
            27000,
            [
                -0.49982,
                0.66296,
                0.17669,
                -0.36077,
                0.20625,
                -0.45322,
                0.22252,
                -1.5141,
                -0.22779,
                -0.79374,
                -0.67947,
                0.87122,
                0.90254,
                0.18679,
                0.77603,
                -0.20343,
                0.17696,
                -1.1145,
                0.28555,
                0.22733,
                -0.11064,
                0.68343,
                0.30754,
                0.60852,
                0.75483
            ]
        ],
        [
            28000,
            [
                -0.14834,
                -1.3646,
                -0.52781,
                -1.6766,
                0.48699,
                0.37293,
                -1.5145,
                -1.1797,
                -0.72508,
                0.80643,
                0.20145,
                -0.39605,
                -0.090637,
                -0.77546,
                0.94618,
                0.096508,
                2.4086,
                1.0037,
                0.088211,
                -0.3893,
                0.71876,
                1.3432,
                -0.34475,
                0.41386,
                0.017721
            ]
        ],
        [
            29000,
            [
                4.18770200625846,
                -2.887473061145883,
                0.1256205938731565,
                -1.5811354568771918,
                1.8098448680227053,
                2.9492830469541444,
                3.4658388312297914,
                2.2352390659872867,
                -0.3182620764560298,
                -4.4846903728661704,
                0.041046798327526446,
                3.8193803789934253,
                0.9468642628521575,
                0.0806353196677545,
                -1.7434800143417464,
                -3.170134958933131,
                0.37437933820343794,
                1.022135750160567,
                -3.522720037232003,
                2.8304942584025916,
                -1.915300799750968,
                0.38142888492956306,
                2.093242890174295,
                3.2617926560903605,
                0.07835200152961441
            ]
        ],
        [
            30000,
            [
                -0.62127,
                0.33199,
                1.0018,
                1.4598,
                -1.0139,
                1.6132,
                -0.3406,
                -1.5771,
                0.18719,
                -0.20041,
                -0.60183,
                -0.49129,
                0.76808,
                1.1167,
                -0.35145,
                -1.0057,
                1.1865,
                -0.17969,
                0.56758,
                0.56559,
                -0.3066,
                1.1414,
                -0.98869,
                -0.21791,
                -0.47982
            ]
        ],
        [
            31000,
            [
                -0.60563,
                0.5436,
                1.3028,
                -0.19884,
                -0.35675,
                -1.4552,
                -0.61792,
                -1.5769,
                0.18182,
                -1.2325,
                0.24914,
                1.1687,
                -0.50998,
                -0.1627,
                1.016,
                -0.5094,
                -1.1184,
                0.65048,
                0.1165,
                0.73637,
                0.52536,
                1.0484,
                -0.12713,
                -0.38448,
                -0.69114
            ]
        ],
        [
            32000,
            [
                2.5499234677054172,
                -4.562324464014245,
                -2.427531266919262,
                -2.652264792992394,
                0.8281971797119887,
                -1.8428788752701353,
                3.442658208807848,
                -2.493185732138943,
                -1.8043071782658018,
                4.072111452399767,
                3.0090227715011104,
                3.6210131013883444,
                -1.5301867483372558,
                -1.2574339351021813,
                1.2851229608428403,
                3.6425570297872896,
                -1.47980826749464,
                0.8423877072126063,
                0.8152544626377658,
                -3.453983940739524,
                1.970439787968811,
                -2.6371384187343145,
                -2.5728009115147135,
                1.3233373333082472,
                1.0997530426043607
            ]
        ],
        [
            33000,
            [
                -0.37785561432358605,
                2.2823850375917036,
                0.06148183201670676,
                3.0744177516477933,
                -1.1777703641727024,
                2.211959711268195,
                1.4686720336833767,
                5.217526380699097,
                0.2475133469119042,
                -0.5709214090815449,
                -0.03112245740154318,
                3.315764036433973,
                0.32522641294574584,
                5.0159834659750215,
                1.2206422550953793,
                -2.4715339822169664,
                3.063032202537264,
                -0.28840194316041057,
                -0.8457551163851766,
                2.1431170945900133,
                0.8295254738779381,
                0.8239223411425902,
                -1.2770744021063276,
                -2.7461634722852493,
                3.0010872741411436
            ]
        ],
        [
            34000,
            [
                -1.3855,
                0.8097,
                0.34865,
                0.16761,
                -0.40236,
                -0.56919,
                -1.6662,
                0.50553,
                -0.65918,
                0.10352,
                -1.7075,
                0.8066,
                0.18133,
                0.32147,
                -0.92861,
                -0.64049,
                0.099062,
                1.2337,
                -1.6168,
                -0.60909,
                1.4852,
                0.18994,
                -0.90452,
                -0.79378,
                0.77491
            ]
        ],
        [
            35000,
            [
                -0.44314,
                1.0719,
                0.59886,
                0.037288,
                -0.53006,
                -0.78926,
                -0.84812,
                -2.5718,
                -0.0093876,
                -0.16773,
                -1.0765,
                0.17139,
                -0.6017,
                0.091558,
                0.75689,
                -0.19029,
                0.30328,
                0.47449,
                0.17451,
                -0.32103,
                -0.12354,
                -0.34768,
                -0.68906,
                -1.3691,
                -1.1442
            ]
        ],
        [
            36000,
            [
                -1.1738983137479542,
                -0.2289723856424173,
                3.2578929411412396,
                1.901287448154818,
                1.3203143378452706,
                -0.5192323130392094,
                2.1452794929291255,
                -1.3348014647545998,
                3.5695024409797695,
                0.9159510990032542,
                2.8489871632944856,
                2.0500012808829586,
                4.906800566781353,
                1.05827268354098,
                0.6127565766346894,
                -1.718676373624584,
                3.7796168597001802,
                0.30587131514753274,
                -4.0909812939490005,
                -0.3976955613304929,
                0.7667404487610119,
                1.9136067344693197,
                1.3055616268415458,
                -1.1508410586005464,
                -0.7764176502385292
            ]
        ],
        [
            37000,
            [
                2.095702907516012,
                -1.9325493829219837,
                -0.4339694033386037,
                0.1863556592754696,
                -0.7418318647673798,
                -2.030076617006019,
                -1.2014001736849735,
                2.3896418253394964,
                5.258859292639681,
                -3.9092656943399433,
                -2.541813677261696,
                -4.193152369634069,
                0.8157616377583565,
                -2.133255680760065,
                1.9116558687095644,
                4.310411156977517,
                1.8127392178368975,
                2.9271573390297476,
                0.6592508360564642,
                3.3441762506463433,
                -3.105954697133699,
                1.1079468900370752,
                -0.27285031690446715,
                -1.609001734119822,
                1.9196249949269104
            ]
        ],
        [
            38000,
            [
                -1.0383,
                0.2349,
                -0.06202,
                -0.059965,
                -0.86326,
                0.17373,
                -0.398,
                -0.85354,
                0.28976,
                -0.89013,
                -0.69579,
                -0.33021,
                -1.2698,
                -0.28327,
                0.35243,
                -0.30129,
                0.48946,
                -0.20738,
                0.78072,
                1.5586,
                -0.56813,
                1.1342,
                0.61089,
                0.081806,
                0.18494
            ]
        ],
        [
            39000,
            [
                0.4809,
                -0.67123,
                -2.9042,
                0.95357,
                -1.0623,
                -0.0045015,
                -0.34992,
                0.11747,
                0.96855,
                -0.76085,
                -0.13587,
                -1.0464,
                -1.6924,
                0.31808,
                0.6122,
                1.9643,
                -0.72484,
                -0.58283,
                -3.2866,
                1.3587,
                0.46002,
                -0.85607,
                0.55388,
                0.30853,
                -0.27865
            ]
        ],
        [
            40000,
            [
                -0.18717,
                -0.12948,
                0.30837,
                -0.35985,
                -0.79075,
                -0.06848,
                -1.0116,
                -1.2561,
                0.6931,
                -1.0194,
                -0.12066,
                0.57001,
                0.24713,
                -0.74553,
                0.6032,
                0.85115,
                0.46795,
                0.11598,
                1.4582,
                1.0737,
                -0.89535,
                -0.051748,
                0.14041,
                -0.046945,
                -1.0142
            ]
        ],
        [
            41000,
            [
                -1.103777025500114,
                -0.5218812983292338,
                -0.01891398603332739,
                -0.18100856559667733,
                1.0207859090550384,
                3.8573865120817383,
                -1.9208559587095184,
                -3.4832729292847495,
                4.220647510201977,
                -0.6947913437602589,
                0.8667536520641193,
                0.20123449394179538,
                -1.3801789449289101,
                -1.2558553784109927,
                3.4010790085706057,
                3.6044080869257185,
                -0.7850869469640633,
                -3.7087337796151663,
                5.471785907723775,
                1.1126771120139054,
                -0.8897966959314356,
                1.580508444022688,
                4.101901268153963,
                -2.5035216203551323,
                -2.1143291762307594
            ]
        ],
        [
            42000,
            [
                -1.6581625526381476,
                0.16405048916256693,
                -3.614327012430503,
                -1.5904539494676522,
                -2.366823878597898,
                -2.30894689191472,
                2.639593372280508,
                0.06527635082254513,
                -2.7569880340881268,
                2.2718386773327817,
                -0.8595706051855876,
                -3.298853563288316,
                2.872163495782039,
                -0.5703445361514978,
                -0.035636810441351585,
                3.376421630218754,
                1.3981871322978856,
                -5.462197939122215,
                -0.380026489438106,
                4.449358678091613,
                -1.195733191802229,
                4.728832089118206,
                -1.962228312135669,
                -1.8063192637181542,
                -3.146357885061717
            ]
        ],
        [
            43000,
            [
                -0.79497,
                0.75503,
                -0.19298,
                0.37653,
                -0.98165,
                -1.3378,
                -0.85833,
                -0.55775,
                -0.71307,
                -0.51662,
                -0.84525,
                -0.80967,
                -1.274,
                -0.75233,
                -0.32933,
                -0.30675,
                0.13415,
                -1.2765,
                -0.16938,
                0.15528,
                -0.019425,
                -0.75791,
                0.61889,
                0.68271,
                -1.0337
            ]
        ],
        [
            44000,
            [
                1.4185211164492006,
                -4.746550761471043,
                2.0278328940189465,
                -2.872492706954466,
                -0.14293425611397392,
                -2.072425140265196,
                -1.0028982415801542,
                -4.500111433294528,
                -0.7322352193389303,
                1.204418144295805,
                -0.8875286935322411,
                -1.0340356837023563,
                -0.5143233911099729,
                2.5814521662604024,
                0.5734770602921628,
                -0.8493217639727284,
                -1.1322539760273544,
                -1.1585093978270438,
                2.1229704722598783,
                0.4324677019015306,
                0.04634775240446842,
                3.9949713908656026,
                2.2742754949936668,
                0.5717913382596356,
                1.2953429462080273
            ]
        ],
        [
            45000,
            [
                3.1544980420790543,
                -3.8507464347244635,
                4.806033843661507,
                -1.6678103902226775,
                5.6329752824504915,
                -3.522541579559853,
                2.4233920366079094,
                -0.6705845428222013,
                4.373837031664541,
                -0.5831923056639008,
                0.41826307886693925,
                -0.6298989764282377,
                0.6312014610667909,
                -1.6815214316708307,
                0.5183107291459148,
                0.04432262057501113,
                -2.127133800365991,
                3.018507677936941,
                -5.419219283114768,
                -3.253087590349531,
                4.123863634645945,
                -1.5671963719685422,
                -0.9505995292509661,
                -0.34267292494828183,
                2.4777486293983304
            ]
        ],
        [
            46000,
            [
                -0.21396,
                0.99952,
                -0.6402,
                0.31163,
                -0.68286,
                -0.33421,
                -0.0047494,
                2.0952,
                0.040835,
                0.27288,
                -1.041,
                0.41892,
                -0.18752,
                -0.70722,
                0.71778,
                -0.6497,
                0.36164,
                -0.82166,
                -0.11402,
                0.43839,
                -0.5358,
                0.011208,
                -0.82575,
                1.655,
                0.1822
            ]
        ],
        [
            47000,
            [
                0.18257,
                -1.0101,
                0.54267,
                -0.17393,
                1.13,
                0.087719,
                -0.86279,
                -0.27167,
                -0.60498,
                -0.0042048,
                0.48456,
                0.46836,
                0.18831,
                1.1614,
                -1.5107,
                -0.9166,
                0.79402,
                0.67755,
                -1.8529,
                1.0428,
                0.5525,
                0.47323,
                -0.60243,
                -1.8071,
                0.16223
            ]
        ],
        [
            48000,
            [
                -0.1133,
                -0.10477,
                -0.41058,
                -0.40535,
                0.57368,
                -0.30525,
                -0.14522,
                -1.9192,
                0.33108,
                -0.52188,
                -1.1458,
                -0.49651,
                -0.78658,
                -0.2287,
                -0.21656,
                0.55112,
                0.58926,
                1.2406,
                2.0528,
                0.28259,
                -0.4767,
                -0.63712,
                -1.2777,
                -1.0523,
                -0.73985
            ]
        ],
        [
            49000,
            [
                1.128155961466212,
                0.7251091672954821,
                0.484073404859517,
                1.8757732249065704,
                1.153502322766034,
                -1.6280860286129162,
                1.730304528696518,
                -2.8921556195551728,
                0.8435126023647941,
                -5.0068813487343045,
                0.94122279629911,
                1.4496793843453952,
                -1.4151444528499102,
                -0.7299588167663753,
                -1.8346175107575835,
                4.834767612711063,
                -1.96459860098411,
                -3.4756710227103875,
                -2.661411684145775,
                4.1599055604087525,
                -1.9400278019831987,
                0.3596913377322313,
                2.1015614279501063,
                -0.923593296684178,
                0.6476124088609652
            ]
        ],
        [
            50000,
            [
                -1.1422868742529673,
                0.9194213570639729,
                0.40420982913872194,
                -3.5138683549351946,
                4.157831354643197,
                4.392409085402983,
                0.19625775274634094,
                -3.5916472499702445,
                0.7459237331990005,
                3.6867018621582783,
                1.6032282466454282,
                0.4806768476696286,
                -0.2642444747214334,
                3.4268488118702845,
                1.394440925035009,
                1.7356512780329156,
                1.5862865895957983,
                0.08811496148510045,
                5.570789098517305,
                2.1584053918978237,
                -2.949711050550163,
                5.615923897442542,
                2.077585810461151,
                3.359633106817016,
                -0.6922905782885316
            ]
        ],
        [
            51000,
            [
                -0.84273,
                0.89092,
                0.26863,
                -0.49876,
                -0.54838,
                -0.3853,
                -0.49109,
                -2.2395,
                0.16841,
                -0.44245,
                0.26005,
                0.040065,
                0.6852,
                0.12908,
                0.98781,
                0.70965,
                0.3385,
                -0.5243,
                1.2052,
                0.82944,
                -0.32148,
                0.43957,
                0.074589,
                -0.90043,
                -0.51401
            ]
        ],
        [
            52000,
            [
                -1.3202,
                -0.91967,
                0.078242,
                -0.56089,
                0.17766,
                -0.40783,
                -0.27575,
                -1.5406,
                -0.2901,
                -0.99506,
                0.23369,
                0.036136,
                -1.1338,
                -0.70393,
                -0.59168,
                -0.014776,
                0.95062,
                -0.91242,
                0.025679,
                1.0342,
                -0.68907,
                1.0246,
                0.85541,
                -0.12691,
                -0.22915
            ]
        ],
        [
            53000,
            [
                -2.6586906965693524,
                0.7328535573778279,
                1.2989604748112278,
                0.14057442895300554,
                0.5413048840916934,
                -4.066416765649074,
                -1.4462050777982256,
                5.086984873376333,
                -1.516923470958944,
                2.097724767916374,
                0.05490706640639509,
                -1.4715825588189269,
                -0.8882116105557554,
                -3.0886453373546785,
                -0.4551086696561999,
                -0.1243268985963546,
                1.1125122047067064,
                -1.0191107534161539,
                -0.5028776270715376,
                -1.845180842571831,
                0.8569846782843369,
                -0.5249573473939204,
                0.8940879023686978,
                -2.556294661281763,
                2.1533410691280412
            ]
        ],
        [
            54000,
            [
                -0.74316,
                -0.11998,
                -0.75736,
                0.94232,
                -0.54821,
                0.37997,
                -0.77705,
                -2.1544,
                0.97932,
                -0.68576,
                0.95402,
                0.11451,
                -0.89984,
                -1.3949,
                0.40473,
                -0.35883,
                1.4229,
                0.043711,
                1.0825,
                1.1439,
                0.25631,
                0.34735,
                -0.87266,
                0.18884,
                0.4941
            ]
        ],
        [
            55000,
            [
                -0.63125,
                -0.39763,
                -0.1391,
                -0.51744,
                -1.7093,
                -0.93154,
                -0.52546,
                -0.92088,
                0.67194,
                -0.12058,
                0.096136,
                -0.43308,
                -1.1085,
                0.31393,
                0.37046,
                -0.017965,
                0.59182,
                0.11713,
                1.024,
                0.79176,
                -0.13587,
                0.23562,
                -0.64199,
                -1.4149,
                0.32034
            ]
        ],
        [
            56000,
            [
                -3.159465185849106,
                0.1399245248912493,
                -1.6498653265115522,
                -0.8430648419231623,
                -2.292019312760276,
                1.577787041713833,
                3.201020033879879,
                2.9876367304335454,
                2.1920778896752373,
                2.376077618315353,
                -1.6263358630521942,
                1.2440813198363152,
                -5.006748135013293,
                0.3800841148018961,
                -2.9374958142385257,
                4.469796070695121,
                -0.8420018017161279,
                0.7114859845806203,
                -4.328050448165531,
                -3.7490212824405917,
                -0.6441900839250758,
                0.8657201421351441,
                1.2503783072581323,
                1.1750008517190373,
                -2.46096741044432
            ]
        ],
        [
            57000,
            [
                1.4153,
                -1.275,
                -0.77019,
                -1.4745,
                0.46747,
                1.503,
                -1.4505,
                -1.216,
                -1.0246,
                -1.1025,
                0.19848,
                0.35314,
                -0.44379,
                -0.92885,
                -0.9591,
                -0.25503,
                1.2861,
                1.1813,
                -0.79038,
                -1.1606,
                0.15356,
                0.17072,
                -2.0229,
                0.38469,
                0.51132
            ]
        ],
        [
            58000,
            [
                -1.668,
                -0.82471,
                0.21575,
                0.049487,
                -1.3413,
                -1.1927,
                -1.185,
                -1.1094,
                0.5009,
                -1.8243,
                1.1289,
                1.1435,
                -0.32113,
                -0.95089,
                1.447,
                -0.39468,
                -0.70465,
                0.75717,
                0.7523,
                0.25588,
                0.13714,
                0.30373,
                0.0048707,
                -0.75325,
                -0.026199
            ]
        ],
        [
            59000,
            [
                -3.194946130852518,
                -0.9655452127484931,
                -1.7565393495996044,
                4.534767935841405,
                2.997805214747647,
                -0.15391273394389593,
                -2.734194201700943,
                -4.1202486954808215,
                3.884015656799908,
                1.1207729536138196,
                3.0745169148847182,
                -3.797217633234162,
                3.335514627401707,
                -0.7498642646963569,
                2.930348462769765,
                -1.0694809680136492,
                -3.1519017765852833,
                -1.3579121489946981,
                -0.05385042816338981,
                -0.3865374988589867,
                0.5378823144271765,
                0.19159643265335724,
                -1.2857105284473196,
                0.16624829739674318,
                -4.6921247170898015
            ]
        ],
        [
            60000,
            [
                1.0636915950479633,
                -5.43448276708156,
                -2.987691670208333,
                -3.565767174554354,
                -4.411186453165387,
                -0.8894632169273802,
                1.2396843249783451,
                -0.9074385508211709,
                -0.8752561042811777,
                0.6884898193640936,
                2.6726045656745905,
                3.0277314286425407,
                -0.8062641093940899,
                -0.520470495466749,
                -0.4747660707498236,
                0.7233762731698521,
                1.9930506347589816,
                -2.5860775323128076,
                -0.11207592960787327,
                2.280040251155363,
                -3.2151002365365127,
                -1.4740681479959967,
                1.7242584631941442,
                -5.564068652424207,
                -1.5987915893916869
            ]
        ],
        [
            61000,
            [
                1.9389473120218508,
                0.6056344080705678,
                -2.6705646893653325,
                -3.645912323567922,
                -4.670019920591032,
                -0.3413236661364083,
                0.6309863651292567,
                -0.9638335041768382,
                -1.142252215343965,
                0.30427602893720884,
                0.06148981975907475,
                -0.3719975911674869,
                0.5739903191810081,
                0.7772282852163768,
                -2.0336651477188608,
                4.153820767537622,
                -3.735388093810059,
                -2.677053962788769,
                4.480859711808205,
                -4.2387112268665135,
                -2.939427663314134,
                1.842867085820858,
                3.446591647175576,
                -3.48447004505909,
                -0.38210943381359996
            ]
        ],
        [
            62000,
            [
                3.4145485591322897,
                0.1754951727916909,
                -1.114316504074286,
                0.37899465093357776,
                -0.9655648193105337,
                1.9335426446198554,
                -2.0108966704253017,
                -0.8579511969160691,
                -2.033101395025022,
                -3.3355094769213944,
                -1.1532589185758706,
                1.5843492630049596,
                -0.23362768227317066,
                3.218643206341591,
                1.9190135386034886,
                1.3346636357915376,
                0.5800237737894713,
                -2.178752332572188,
                2.3960653907444125,
                -0.9395350521773409,
                0.5168861510488671,
                1.610539786020463,
                -1.3598302184667386,
                -2.401213271088607,
                -2.6376175018541
            ]
        ],
        [
            63000,
            [
                -1.8441,
                -0.27699,
                0.26539,
                0.95019,
                -0.2252,
                -0.41105,
                -0.56556,
                -1.9353,
                0.48094,
                0.39786,
                1.0185,
                -1.394,
                -0.62135,
                -0.92771,
                -0.14225,
                0.71834,
                1.4834,
                -0.25263,
                0.076671,
                1.1815,
                -0.14043,
                0.6523,
                -0.074205,
                -0.52545,
                0.52788
            ]
        ],
        [
            64000,
            [
                -0.44094,
                -0.5264,
                0.8294,
                0.62935,
                0.035831,
                -0.93712,
                0.81421,
                -1.0541,
                0.39596,
                -1.6819,
                0.15874,
                0.68304,
                -0.65911,
                -0.51743,
                0.018759,
                0.77784,
                1.033,
                1.0172,
                0.81339,
                0.25296,
                -0.10563,
                0.07549,
                -0.46783,
                -0.22497,
                -0.065337
            ]
        ],
        [
            65000,
            [
                -0.5099,
                1.3582,
                -0.94154,
                -1.1097,
                1.4959,
                -0.80093,
                -0.40109,
                -2.3821,
                0.75981,
                -1.0818,
                -0.0016588,
                0.23718,
                -1.138,
                0.20051,
                1.3414,
                -0.49785,
                0.9065,
                -0.31974,
                -0.51149,
                -0.26813,
                -0.76883,
                -0.1131,
                -1.0451,
                -0.024807,
                -0.027572
            ]
        ],
        [
            66000,
            [
                -1.2332,
                0.63878,
                -0.24879,
                0.0039245,
                -1.1093,
                -1.2118,
                -1.3835,
                -1.6339,
                0.86871,
                -1.1072,
                0.63192,
                0.11434,
                -1.1811,
                -0.25137,
                0.71041,
                -1.2073,
                -0.46102,
                0.56302,
                1.0201,
                0.66695,
                0.63463,
                -0.62773,
                -0.0042694,
                0.062665,
                -1.2804
            ]
        ],
        [
            67000,
            [
                2.875003373369755,
                -2.843270561970268,
                -2.4139258248809417,
                -1.3051757233928702,
                3.424504579440339,
                -0.2798504127906476,
                0.345725727380362,
                3.6872167242585623,
                -2.0206972454812435,
                -1.1749577891655925,
                3.0353221317722276,
                -0.9451762963177011,
                -1.8018794358744321,
                -3.3101489388594993,
                -3.9945607647797163,
                -1.0321319688249826,
                0.2149442474716743,
                -0.6589429126592385,
                1.8142943819656168,
                -1.0101147670631931,
                1.7133532436214267,
                3.1800725654539965,
                -1.5648959881293996,
                -0.9727793121828991,
                -2.998598082933455
            ]
        ],
        [
            68000,
            [
                0.9107579671192818,
                -2.7681813428328996,
                -4.4078978794960015,
                1.0635606742715584,
                1.4438326550470153,
                -4.711478939103445,
                -1.5423700726766798,
                0.5438459438608643,
                1.6703151803732057,
                -5.100882625129498,
                -1.4669287708692407,
                2.9364399300018493,
                -0.8918150394066737,
                2.1781263840454717,
                1.0612865627088244,
                1.813396281454164,
                -1.0425474246302198,
                1.0371112321161098,
                1.262615371980016,
                0.10886274302823384,
                3.843332082260012,
                0.740782835832622,
                3.061751278161882,
                0.18792809162448254,
                2.635746882288548
            ]
        ],
        [
            69000,
            [
                0.14179,
                1.6523,
                -0.064544,
                0.81317,
                -0.12519,
                0.7618,
                -0.9036,
                -2.5009,
                -0.8553,
                -0.18567,
                -1.6035,
                0.44323,
                -1.2349,
                -0.73308,
                0.66308,
                0.50027,
                -0.49169,
                0.3733,
                1.8622,
                -0.21717,
                -0.11808,
                0.41192,
                -1.3444,
                -0.52275,
                -1.0464
            ]
        ],
        [
            70000,
            [
                1.7439529468512287,
                -1.3364522476487073,
                0.8017432676479928,
                -0.9293813040059202,
                1.1593027141702317,
                -3.1460188169970067,
                0.2188441605710736,
                1.0732433047445076,
                -1.9533689077764933,
                0.6138408197892034,
                4.998407612870013,
                1.286090078339341,
                -2.5573837827269585,
                3.527671028233364,
                0.6546287836533535,
                2.1745427928905268,
                -2.796135200892524,
                0.36324852879611225,
                0.781127386333031,
                0.708543004163336,
                -0.0620416859758377,
                -0.939629810205922,
                -1.9182029992304122,
                1.7712979888936582,
                1.5511709582617899
            ]
        ],
        [
            71000,
            [
                1.4487806302907256,
                1.8243489396531487,
                4.51637275607394,
                -1.770299456701121,
                3.7343078065583026,
                0.23592275352424164,
                -2.545398934770734,
                -0.3391593981351617,
                -0.6313995522456137,
                -5.875518769163641,
                -5.136873851798196,
                0.3763680408829222,
                -1.7764004668537199,
                0.7313923742950816,
                2.1311137281908206,
                0.6986660968703484,
                1.7631601332493636,
                2.6681835938838354,
                1.0855374078989666,
                -2.8613143036665596,
                -0.7411829029364556,
                -2.748667778611985,
                -3.8500088782456485,
                -0.5369772695788679,
                4.121431237107918
            ]
        ],
        [
            72000,
            [
                -1.7075,
                0.21396,
                0.42715,
                -1.1541,
                -0.80881,
                -0.72853,
                -0.79759,
                -1.1204,
                -0.066873,
                -1.0212,
                0.29508,
                0.26768,
                -0.96432,
                0.92133,
                0.33076,
                -1.212,
                0.39171,
                0.015229,
                0.83471,
                1.0581,
                0.1158,
                0.3073,
                0.13639,
                -1.3133,
                -0.40943
            ]
        ],
        [
            73000,
            [
                -2.2314879301230004,
                0.11209079471900552,
                0.9207940839787687,
                2.817160167976851,
                1.785627649101249,
                4.377177577531951,
                3.305420156340489,
                -3.822084286585272,
                4.428034788614502,
                -2.0594585528172797,
                -0.2857953826082342,
                1.6186309415713547,
                -3.2498218609316427,
                0.05598568783129654,
                2.8548803947416994,
                2.0277145223297195,
                4.442188306702936,
                0.2361815574047963,
                -4.267406665781651,
                -1.2250517028530776,
                0.6035793215273095,
                -2.274591146315569,
                0.3877245578178723,
                0.6089018300641582,
                1.5090991022588538
            ]
        ]
    ],
    "missing_embeddings": [
        [
            0,
            "<mention>"
        ],
        [
            1,
            "<link>"
        ],
        [
            2,
            "i'm"
        ],
        [
            3,
            "it's"
        ],
        [
            4,
            "don't"
        ],
        [
            5,
            ":)"
        ],
        [
            6,
            "can't"
        ],
        [
            7,
            "2"
        ],
        [
            8,
            "that's"
        ],
        [
            9,
            "3"
        ],
        [
            10,
            "i've"
        ],
        [
            11,
            "you're"
        ],
        [
            12,
            "didn't"
        ],
        [
            13,
            "p:"
        ],
        [
            14,
            "1"
        ],
        [
            15,
            "4"
        ],
        [
            16,
            "2013"
        ],
        [
            17,
            ":d"
        ],
        [
            18,
            ""
        ],
        [
            19,
            "5"
        ],
        [
            20,
            ";)"
        ],
        [
            21,
            "2014"
        ],
        [
            22,
            "i'll"
        ],
        [
            23,
            ""
        ],
        [
            24,
            "<3"
        ],
        [
            25,
            "doesn't"
        ],
        [
            26,
            "10"
        ],
        [
            27,
            "isn't"
        ],
        [
            28,
            ""
        ],
        [
            29,
            "he's"
        ],
        [
            30,
            ":-)"
        ],
        [
            31,
            "6"
        ],
        [
            32,
            "there's"
        ],
        [
            33,
            "7"
        ],
        [
            34,
            "8"
        ],
        [
            35,
            "let's"
        ],
        [
            36,
            ":("
        ],
        [
            37,
            "20"
        ],
        [
            38,
            "i'd"
        ],
        [
            39,
            "won't"
        ],
        [
            40,
            "12"
        ],
        [
            41,
            "we're"
        ],
        [
            42,
            "haven't"
        ],
        [
            43,
            "they're"
        ],
        [
            44,
            "15"
        ],
        [
            45,
            "9"
        ],
        [
            46,
            "what's"
        ],
        [
            47,
            "wasn't"
        ],
        [
            48,
            ":p"
        ],
        [
            49,
            "13"
        ],
        [
            50,
            ""
        ],
        [
            51,
            "30"
        ],
        [
            52,
            "wouldn't"
        ],
        [
            53,
            "11"
        ],
        [
            54,
            "she's"
        ],
        [
            55,
            "couldn't"
        ],
        [
            56,
            ";-)"
        ],
        [
            57,
            "14"
        ],
        [
            58,
            "aren't"
        ],
        [
            59,
            "16"
        ],
        [
            60,
            "18"
        ],
        [
            61,
            "you've"
        ],
        [
            62,
            "100"
        ],
        [
            63,
            ":/"
        ],
        [
            64,
            "17"
        ],
        [
            65,
            ""
        ],
        [
            66,
            "you'll"
        ],
        [
            67,
            "24"
        ],
        [
            68,
            ""
        ],
        [
            69,
            "50"
        ],
        [
            70,
            "):"
        ],
        [
            71,
            "25"
        ],
        [
            72,
            "1st"
        ],
        [
            73,
            ""
        ],
        [
            74,
            "y'all"
        ],
        [
            75,
            "21"
        ],
        [
            76,
            "22"
        ],
        [
            77,
            ""
        ],
        [
            78,
            ""
        ],
        [
            79,
            ""
        ],
        [
            80,
            "19"
        ],
        [
            81,
            "2nd"
        ],
        [
            82,
            "40"
        ],
        [
            83,
            "who's"
        ],
        [
            84,
            "3d"
        ],
        [
            85,
            ""
        ],
        [
            86,
            "23"
        ],
        [
            87,
            ""
        ],
        [
            88,
            "year's"
        ],
        [
            89,
            ""
        ],
        [
            90,
            "we'll"
        ],
        [
            91,
            "ulixs"
        ],
        [
            92,
            "fortissimus"
        ],
        [
            93,
            "nuntiat"
        ],
        [
            94,
            "temperatram"
        ],
        [
            95,
            "thermodynamicam"
        ],
        [
            96,
            "conclav"
        ],
        [
            97,
            "thomae"
        ],
        [
            98,
            "marc"
        ],
        [
            99,
            "foris"
        ]
    ],
    "min": [
        [
            0,
            -6.3371
        ]
    ],
    "max": [
        [
            0,
            6.8513
        ]
    ],
    "not_found": [
        [
            0,
            28349
        ]
    ],
    "padding": [
        [
            0,
            [
                0.0,
                0.0,
                0.0,
                0.0,
                0.0,
                0.0,
                0.0,
                0.0,
                0.0,
                0.0,
                0.0,
                0.0,
                0.0,
                0.0,
                0.0,
                0.0,
                0.0,
                0.0,
                0.0,
                0.0,
                0.0,
                0.0,
                0.0,
                0.0,
                0.0
            ]
        ]
    ],
    "placeholder": [
        [
            0,
            [
                6.177951383798838,
                -0.5569719687284689,
                2.186743123850297,
                -0.6965995388392177,
                -1.4254032432851087,
                -2.658833618269176,
                -4.143171285030076,
                1.940168343902112,
                1.8482005451994885,
                -0.028148452604636276,
                -0.5272414393786571,
                0.6916573248679603,
                1.4297412990069045,
                1.8253896538315857,
                -0.08455445313973708,
                4.823861934168709,
                2.630063882035226,
                -0.705677946995876,
                -1.9089273911340516,
                5.293674154167347,
                2.5197607520778638,
                -0.7437410836927469,
                1.4676648035699555,
                -1.1148678565472983,
                -2.207487627066687
            ]
        ]
    ]
}